root - INFO - Your Gameplay for 02/26/2022, 21:47:38
root - INFO - Your clue:-__Y__
root - INFO - Your guessing percentage:-10
root - INFO - Your clue:-_Y_Y_
root - INFO - Your guessing percentage:-20
root - INFO - Your clue:-_Y_Y_
root - INFO - Your guessing percentage:-20
root - INFO - Your clue:-_YYY_
root - INFO - Your guessing percentage:-30
root - INFO - Your clue:-_Y_Y_
root - INFO - Your guessing percentage:-20
root - INFO - Your clue:-_Y_Y_
root - INFO - Your guessing percentage:-20
root - INFO - ['No of Game Played: 1', 'Your Staticals of Game', '1st Attempt: 10', '2nd Attempt: 20', '3rd Attempt: 20', '4th Attempt: 30', '5th Attempt: 20', '6th Attempt: 20']
root - INFO - Your Gameplay for 02/26/2022, 21:48:23
root - INFO - Your clue:-GGGGG
root - INFO - Your guessing percentage:-100
root - INFO - Your clue:-GGGGG
root - INFO - Your guessing percentage:-100
root - INFO - Your clue:-GGGGG
root - INFO - Your guessing percentage:-100
root - INFO - Your clue:-GGGGG
root - INFO - Your guessing percentage:-100
root - INFO - Your clue:-GGGGG
root - INFO - Your guessing percentage:-100
root - INFO - Your clue:-GGGGG
root - INFO - Your guessing percentage:-100
root - INFO - Your clue:-__G__
root - INFO - Your guessing percentage:-20
root - INFO - Your clue:-
root - INFO - Your guessing percentage:-0
root - INFO - Your clue:-GGGGG
root - INFO - Your guessing percentage:-100
root - INFO - Your clue:-_____
root - INFO - Your guessing percentage:-0
root - INFO - Your Gameplay for 02/26/2022, 21:49:30
root - INFO - Your clue:-_____
root - INFO - Your guessing percentage:-0
root - INFO - Your clue:-_____
root - INFO - Your guessing percentage:-0
root - INFO - Your clue:-_____
root - INFO - Your guessing percentage:-0
root - INFO - Your clue:-_____
root - INFO - Your guessing percentage:-0
root - INFO - Your clue:-_____
root - INFO - Your guessing percentage:-0
root - INFO - Your clue:-_____
root - INFO - Your guessing percentage:-0
root - INFO - Your clue:-__G__
root - INFO - Your guessing percentage:-20
root - INFO - Your clue:-
root - INFO - Your guessing percentage:-0
root - INFO - Your clue:-GGGGG
root - INFO - Your guessing percentage:-100
root - INFO - Your clue:-_____
root - INFO - Your guessing percentage:-0
root - INFO - Your Gameplay for 02/26/2022, 21:50:22
root - INFO - Your clue:-GGGGG
root - INFO - Your guessing percentage:-100
root - INFO - Your clue:-GGGGG
root - INFO - Your guessing percentage:-100
root - INFO - Your clue:-_____
root - INFO - Your guessing percentage:-0
root - INFO - Your clue:-_____
root - INFO - Your guessing percentage:-0
root - INFO - Your clue:-_____
root - INFO - Your guessing percentage:-0
root - INFO - Your clue:-_____
root - INFO - Your guessing percentage:-0
root - INFO - ['No of Game Played: 1', 'Your Staticals of Game', '1st Attempt: 100', '2nd Attempt: 100', '3rd Attempt: 0', '4th Attempt: 0', '5th Attempt: 0', '6th Attempt: 0']
root - INFO - Your Gameplay for 02/26/2022, 21:52:46
root - INFO - Your clue:-GGGGG
root - INFO - Your Guess:-drums
root - INFO - Your guessing percentage:-100
root - INFO - Your Gameplay for 02/26/2022, 21:56:56
root - INFO - Your Gameplay for 02/26/2022, 21:57:20
root - INFO - Your clue:-_YG_Y
root - INFO - Answer:-space
root - INFO - Your Guess:-tears
root - INFO - Your guessing percentage:-40
root - INFO - Your clue:-_YG_Y
root - INFO - Answer:-space
root - INFO - Your Guess:-tears
root - INFO - Your guessing percentage:-40
root - INFO - Your clue:-_Y___
root - INFO - Answer:-space
root - INFO - Your Guess:-hello
root - INFO - Your guessing percentage:-10
root - INFO - Your clue:-Y_YG_
root - INFO - Answer:-space
root - INFO - Your Guess:-check
root - INFO - Your guessing percentage:-40
root - INFO - Your clue:-Y_Y__
root - INFO - Answer:-space
root - INFO - Your Guess:-chevk
root - INFO - Your guessing percentage:-20
root - INFO - Your clue:-YYG_Y
root - INFO - Answer:-space
root - INFO - Your Guess:-asads
root - INFO - Your guessing percentage:-50
root - INFO - ['No of Game Played: 1', 'Your Staticals of Game', '1st Attempt: 40', '2nd Attempt: 40', '3rd Attempt: 10', '4th Attempt: 40', '5th Attempt: 20', '6th Attempt: 50']
root - INFO - Your Gameplay for 02/26/2022, 21:59:37
root - INFO - Your Gameplay for 03/11/2022, 11:00:11
root - INFO - Your Gameplay for 03/11/2022, 11:04:08
root - INFO - Your Gameplay for 03/11/2022, 12:15:50
root - INFO - Your Gameplay for 03/11/2022, 12:17:03
root - INFO - Your Gameplay for 03/11/2022, 12:28:49
root - INFO - Your Gameplay for 03/11/2022, 12:31:47
root - INFO - Your clue:-_YYYY
root - INFO - Answer:-samba
root - INFO - Your Guess:-dssss
root - INFO - Your guessing percentage:-40
root - INFO - Your clue:-_____
root - INFO - Answer:-samba
root - INFO - Your Guess:-jjhhg
root - INFO - Your guessing percentage:-0
root - INFO - Your clue:-_____
root - INFO - Answer:-samba
root - INFO - Your Guess:-hggff
root - INFO - Your guessing percentage:-0
root - INFO - Your clue:-_____
root - INFO - Answer:-samba
root - INFO - Your Guess:-ikuuh
root - INFO - Your guessing percentage:-0
root - INFO - Your clue:-_____
root - INFO - Answer:-samba
root - INFO - Your Guess:-hggrf
root - INFO - Your guessing percentage:-0
root - INFO - Your clue:-___G_
root - INFO - Answer:-samba
root - INFO - Your Guess:-jygbh
root - INFO - Your guessing percentage:-20
root - INFO - Your Gameplay for 03/11/2022, 12:32:37
root - INFO - Your clue:-_____
root - INFO - Answer:-index
root - INFO - Your Guess:-fghhg
root - INFO - Your guessing percentage:-0
root - INFO - Your clue:-_____
root - INFO - Answer:-index
root - INFO - Your Guess:-jhjgh
root - INFO - Your guessing percentage:-0
root - INFO - Your clue:-_____
root - INFO - Answer:-index
root - INFO - Your Guess:-mhjgh
root - INFO - Your guessing percentage:-0
root - INFO - Your clue:-G____
root - INFO - Answer:-index
root - INFO - Your Guess:-iojjj
root - INFO - Your guessing percentage:-20
root - INFO - Your clue:-_____
root - INFO - Answer:-index
root - INFO - Your Guess:-ygtfg
root - INFO - Your guessing percentage:-0
root - INFO - Your clue:-_____
root - INFO - Answer:-index
root - INFO - Your Guess:-hgggg
root - INFO - Your guessing percentage:-0
root - INFO - Your Gameplay for 03/11/2022, 12:34:18
root - INFO - Your clue:-_Y___
root - INFO - Answer:-maria
root - INFO - Your Guess:-trggg
root - INFO - Your guessing percentage:-10
root - INFO - Your clue:-_____
root - INFO - Answer:-maria
root - INFO - Your Guess:-gfcfg
root - INFO - Your guessing percentage:-0
root - INFO - Your clue:-____Y
root - INFO - Answer:-maria
root - INFO - Your Guess:-hjvgm
root - INFO - Your guessing percentage:-10
root - INFO - Your clue:-_____
root - INFO - Answer:-maria
root - INFO - Your Guess:-hhhjj
root - INFO - Your guessing percentage:-0
root - INFO - Your clue:-___
root - INFO - Answer:-maria
root - INFO - Your Guess:-hhk
root - INFO - Your guessing percentage:-0
root - INFO - Your clue:-__Y__
root - INFO - Answer:-maria
root - INFO - Your Guess:-dsasd
root - INFO - Your guessing percentage:-10
root - INFO - Your Gameplay for 03/11/2022, 12:36:33
root - INFO - Your clue:-_Y__G
root - INFO - Answer:-lists
root - INFO - Your Guess:-dsads
root - INFO - Your guessing percentage:-30
root - INFO - Your clue:-Y_GYG
root - INFO - Answer:-lists
root - INFO - Your Guess:-sasss
root - INFO - Your guessing percentage:-60
root - INFO - Your clue:-_Y__G
root - INFO - Answer:-lists
root - INFO - Your Guess:-dsads
root - INFO - Your guessing percentage:-30
root - INFO - Your clue:-_Y__G
root - INFO - Answer:-lists
root - INFO - Your Guess:-fsads
root - INFO - Your guessing percentage:-30
root - INFO - Your clue:-_Y_YG
root - INFO - Answer:-lists
root - INFO - Your Guess:-fsass
root - INFO - Your guessing percentage:-40
root - INFO - Your clue:-_Y_YG
root - INFO - Answer:-lists
root - INFO - Your Guess:-dsass
root - INFO - Your guessing percentage:-40
root - INFO - Your Gameplay for 03/11/2022, 15:07:41
root - INFO - Your Gameplay for 03/11/2022, 15:08:20
root - INFO - Your Gameplay for 03/11/2022, 15:08:46
root - INFO - Your Gameplay for 03/11/2022, 15:09:50
root - INFO - Your Gameplay for 03/11/2022, 15:11:20
root - INFO - Your clue:-__Y__
root - INFO - Answer:-mazda
root - INFO - Your Guess:-giant
root - INFO - Your guessing percentage:-10
root - INFO - Your clue:-_____
root - INFO - Answer:-mazda
root - INFO - Your Guess:-brigh
root - INFO - Your guessing percentage:-0
root - INFO - Your clue:-_G___
root - INFO - Answer:-mazda
root - INFO - Your Guess:-taste
root - INFO - Your guessing percentage:-20
root - INFO - Your clue:-_____
root - INFO - Answer:-mazda
root - INFO - Your Guess:-heist
root - INFO - Your guessing percentage:-0
root - INFO - Your clue:-Y____
root - INFO - Answer:-mazda
root - INFO - Your Guess:-arise
root - INFO - Your guessing percentage:-10
root - INFO - Your clue:-Y_Y__
root - INFO - Answer:-mazda
root - INFO - Your Guess:-awake
root - INFO - Your guessing percentage:-20
root - INFO - ['No of Game Played: 1', 'Your Staticals of Game', '1st Attempt: 10', '2nd Attempt: 0', '3rd Attempt: 20', '4th Attempt: 0', '5th Attempt: 10', '6th Attempt: 20']
root - INFO - Your Gameplay for 03/11/2022, 15:15:50
root - INFO - Your clue:-Y_G__
root - INFO - Answer:-judge
root - INFO - Your Guess:-dfdff
root - INFO - Your guessing percentage:-30
root - INFO - Your clue:-_Y_Y_
root - INFO - Answer:-judge
root - INFO - Your Guess:-fdsdf
root - INFO - Your guessing percentage:-20
root - INFO - Your clue:-YY_Y
root - INFO - Answer:-judge
root - INFO - Your Guess:-gdfd
root - INFO - Your guessing percentage:-30
root - INFO - Your clue:-Y_GG_
root - INFO - Answer:-judge
root - INFO - Your Guess:-gfdgf
root - INFO - Your guessing percentage:-50
root - INFO - Your clue:-_Y__Y
root - INFO - Answer:-judge
root - INFO - Your Guess:-fdsfd
root - INFO - Your guessing percentage:-20
root - INFO - Your clue:-Y___Y
root - INFO - Answer:-judge
root - INFO - Your Guess:-dsffd
root - INFO - Your guessing percentage:-20
root - INFO - ['No of Game Played: 1', 'Your Staticals of Game', '1st Attempt: 30', '2nd Attempt: 20', '3rd Attempt: 30', '4th Attempt: 50', '5th Attempt: 20', '6th Attempt: 20']
root - INFO - Your clue:-_____
root - INFO - Answer:-align
root - INFO - Your Guess:-dsfdd
root - INFO - Your guessing percentage:-0
root - INFO - Your clue:-_____
root - INFO - Answer:-align
root - INFO - Your Guess:-fdddd
root - INFO - Your guessing percentage:-0
root - INFO - Your clue:-Y___Y
root - INFO - Answer:-align
root - INFO - Your Guess:-gfdfg
root - INFO - Your guessing percentage:-20
root - INFO - Your clue:-Y____
root - INFO - Answer:-align
root - INFO - Your Guess:-gdhhf
root - INFO - Your guessing percentage:-10
root - INFO - Your clue:-Y__G_
root - INFO - Answer:-align
root - INFO - Your Guess:-gfdgh
root - INFO - Your guessing percentage:-30
root - INFO - Your clue:-Y__G_
root - INFO - Answer:-align
root - INFO - Your Guess:-gfdgf
root - INFO - Your guessing percentage:-30
root - INFO - ['No of Game Played: 2', 'Your Staticals of Game', '1st Attempt: 0', '2nd Attempt: 0', '3rd Attempt: 20', '4th Attempt: 10', '5th Attempt: 30', '6th Attempt: 30']
root - INFO - Your Gameplay for 03/11/2022, 15:27:44
root - INFO - Your Gameplay for 03/11/2022, 15:44:20
root - INFO - Your Gameplay for 03/11/2022, 23:23:17
root - INFO - Your Gameplay for 03/12/2022, 12:29:00
root - INFO - Your Gameplay for 03/12/2022, 12:38:43
root - INFO - Your Gameplay for 03/12/2022, 12:41:21
root - INFO - Your Gameplay for 03/12/2022, 12:49:05
root - INFO - Your Gameplay for 03/12/2022, 12:51:55
root - INFO - Your clue:-__YY_
root - INFO - Answer:-class
root - INFO - Your Guess:-hello
root - INFO - Your guessing percentage:-20
root - INFO - Your clue:-_YY__
root - INFO - Answer:-class
root - INFO - Your Guess:-taste
root - INFO - Your guessing percentage:-20
root - INFO - Your clue:-__Y__
root - INFO - Answer:-class
root - INFO - Your Guess:-beste
root - INFO - Your guessing percentage:-10
root - INFO - Your clue:-___G_
root - INFO - Answer:-class
root - INFO - Your Guess:-heist
root - INFO - Your guessing percentage:-20
root - INFO - Your clue:-__Y_G
root - INFO - Answer:-class
root - INFO - Your Guess:-rests
root - INFO - Your guessing percentage:-30
root - INFO - Your clue:-___G_
root - INFO - Answer:-class
root - INFO - Your Guess:-guest
root - INFO - Your guessing percentage:-20
root - INFO - ['No of Game Played: 1', 'Your Staticals of Game', '1st Attempt: 20', '2nd Attempt: 20', '3rd Attempt: 10', '4th Attempt: 20', '5th Attempt: 30', '6th Attempt: 20']
root - INFO - Your Gameplay for 03/12/2022, 13:03:44
root - INFO - Your Gameplay for 03/12/2022, 13:14:53
root - INFO - Your Gameplay for 03/12/2022, 13:42:12
root - INFO - Your Gameplay for 03/12/2022, 14:02:02
root - INFO - Your Gameplay for 03/12/2022, 14:20:13
root - INFO - Your Gameplay for 03/12/2022, 14:30:22
root - INFO - Your Gameplay for 03/12/2022, 14:33:26
root - INFO - Your Gameplay for 03/12/2022, 14:39:34
root - INFO - Your Gameplay for 03/12/2022, 14:43:18
root - INFO - Your Gameplay for 03/12/2022, 14:52:04
root - INFO - Your Gameplay for 03/12/2022, 15:10:52
root - INFO - Your Gameplay for 03/12/2022, 15:20:52
root - INFO - Your Gameplay for 03/12/2022, 15:21:39
root - INFO - Your clue:-_Y___
root - INFO - Answer:-rates
root - INFO - Your Guess:-hello
root - INFO - Your guessing percentage:-10
root - INFO - Your clue:-_YYYY
root - INFO - Answer:-rates
root - INFO - Your Guess:-great
root - INFO - Your guessing percentage:-40
root - INFO - Your clue:-YY_GG
root - INFO - Answer:-rates
root - INFO - Your Guess:-trues
root - INFO - Your guessing percentage:-60
root - INFO - Your clue:-_YYYG
root - INFO - Answer:-rates
root - INFO - Your Guess:-fears
root - INFO - Your guessing percentage:-50
root - INFO - Your clue:-_YYYG
root - INFO - Answer:-rates
root - INFO - Your Guess:-gears
root - INFO - Your guessing percentage:-50
root - INFO - Your clue:-____Y
root - INFO - Answer:-rates
root - INFO - Your Guess:-minor
root - INFO - Your guessing percentage:-10
root - INFO - ['No of Game Played: 1', 'Your Staticals of Game', '1st Attempt: 10', '2nd Attempt: 40', '3rd Attempt: 60', '4th Attempt: 50', '5th Attempt: 50', '6th Attempt: 10']
root - INFO - Your clue:-_Y_Y_
root - INFO - Answer:-beats
root - INFO - Your Guess:-dsdsd
root - INFO - Your guessing percentage:-20
root - INFO - Your clue:-____G
root - INFO - Answer:-beats
root - INFO - Your Guess:-fdfds
root - INFO - Your guessing percentage:-20
root - INFO - Your clue:-_Y_Y_
root - INFO - Answer:-beats
root - INFO - Your Guess:-dsdsf
root - INFO - Your guessing percentage:-20
root - INFO - Your clue:-_YG_G
root - INFO - Answer:-beats
root - INFO - Your Guess:-dsads
root - INFO - Your guessing percentage:-50
root - INFO - Your clue:-Y__Y_
root - INFO - Answer:-beats
root - INFO - Your Guess:-sddsd
root - INFO - Your guessing percentage:-20
root - INFO - Your clue:-_YG_
root - INFO - Answer:-beats
root - INFO - Your Guess:-dsad
root - INFO - Your guessing percentage:-30
root - INFO - ['No of Game Played: 2', 'Your Staticals of Game', '1st Attempt: 20', '2nd Attempt: 20', '3rd Attempt: 20', '4th Attempt: 50', '5th Attempt: 20', '6th Attempt: 30']
root - INFO - Your Gameplay for 03/12/2022, 15:23:26
root - INFO - Your clue:-__G__
root - INFO - Answer:-earth
root - INFO - Your Guess:-world
root - INFO - Your guessing percentage:-20
root - INFO - Your clue:-
root - INFO - Answer:-earth
root - INFO - Your Guess:-
root - INFO - Your guessing percentage:-0
root - INFO - Your clue:-GGGGG
root - INFO - Answer:-earth
root - INFO - Your Guess:-earth
root - INFO - Your guessing percentage:-100
root - INFO - Your clue:-_____
root - INFO - Answer:-earth
root - INFO - Your Guess:-*****
root - INFO - Your guessing percentage:-0
root - INFO - Your Gameplay for 03/26/2022, 14:45:24
root - INFO - Your Gameplay for 03/26/2022, 14:45:54
root - INFO - Your Gameplay for 03/26/2022, 14:46:59
root - INFO - Your clue:-Y__Y_
root - INFO - Answer:-nurse
root - INFO - Your Guess:-saved
root - INFO - Your guessing percentage:-20
root - INFO - Your clue:-Y__Y_
root - INFO - Answer:-nurse
root - INFO - Your Guess:-saced
root - INFO - Your guessing percentage:-20
root - INFO - Your clue:-Y____
root - INFO - Answer:-nurse
root - INFO - Your Guess:-sacvd
root - INFO - Your guessing percentage:-10
root - INFO - Your clue:-_Y___
root - INFO - Answer:-nurse
root - INFO - Your Guess:-dsdff
root - INFO - Your guessing percentage:-10
root - INFO - Your clue:-_Y_GG
root - INFO - Answer:-nurse
root - INFO - Your Guess:-arise
root - INFO - Your guessing percentage:-50
root - INFO - Your clue:-_Y_GG
root - INFO - Answer:-nurse
root - INFO - Your Guess:-arose
root - INFO - Your guessing percentage:-50
root - INFO - ['No of Game Played: 1', 'Your Staticals of Game', '1st Attempt: 20', '2nd Attempt: 20', '3rd Attempt: 10', '4th Attempt: 10', '5th Attempt: 50', '6th Attempt: 50']
root - INFO - Your Gameplay for 03/26/2022, 15:15:39
root - INFO - Your Gameplay for 03/26/2022, 15:15:52
root - INFO - Your clue:-Y__Y_
root - INFO - Answer:-bless
root - INFO - Your Guess:-saved
root - INFO - Your guessing percentage:-20
root - INFO - Your Gameplay for 03/26/2022, 15:16:38
root - INFO - Your clue:-Y___Y
root - INFO - Answer:-began
root - INFO - Your Guess:-arise
root - INFO - Your guessing percentage:-20
root - INFO - Your clue:-_Y_Y_
root - INFO - Answer:-began
root - INFO - Your Guess:-saved
root - INFO - Your guessing percentage:-20
root - INFO - Your Gameplay for 03/26/2022, 15:18:45
root - INFO - Your Gameplay for 03/26/2022, 15:20:03
root - INFO - Your clue:-Y____
root - INFO - Answer:-rocks
root - INFO - Your Guess:-saved
root - INFO - Your guessing percentage:-10
root - INFO - Your Gameplay for 03/26/2022, 15:21:11
root - INFO - Your clue:-____G
root - INFO - Answer:-twice
root - INFO - Your Guess:-brave
root - INFO - Your guessing percentage:-20
root - INFO - Your Gameplay for 03/26/2022, 15:27:24
root - INFO - Your clue:-_____
root - INFO - Answer:-booty
root - INFO - Your Guess:-saved
root - INFO - Your guessing percentage:-0
root - INFO - Your Gameplay for 03/26/2022, 15:28:49
root - INFO - Your clue:-YG___
root - INFO - Answer:-pants
root - INFO - Your Guess:-saved
root - INFO - Your guessing percentage:-30
root - INFO - Your clue:-__Y__
root - INFO - Answer:-pants
root - INFO - Your Guess:-grave
root - INFO - Your guessing percentage:-10
root - INFO - Your clue:-_G___
root - INFO - Answer:-pants
root - INFO - Your Guess:-magic
root - INFO - Your guessing percentage:-20
root - INFO - Your clue:-_____
root - INFO - Answer:-pants
root - INFO - Your Guess:-logic
root - INFO - Your guessing percentage:-0
root - INFO - Your clue:-Y_Y_Y
root - INFO - Answer:-pants
root - INFO - Your Guess:-train
root - INFO - Your guessing percentage:-30
root - INFO - Your clue:-YG___
root - INFO - Answer:-pants
root - INFO - Your Guess:-saved
root - INFO - Your guessing percentage:-30
root - INFO - ['No of Game Played: 1', 'Your Staticals of Game', '1st Attempt: 30', '2nd Attempt: 10', '3rd Attempt: 20', '4th Attempt: 0', '5th Attempt: 30', '6th Attempt: 30']
root - INFO - Your Gameplay for 03/26/2022, 15:31:27
root - INFO - Your clue:-YG_G_
root - INFO - Answer:-wages
root - INFO - Your Guess:-saved
root - INFO - Your guessing percentage:-50
root - INFO - Your clue:-__Y_Y
root - INFO - Answer:-wages
root - INFO - Your Guess:-brave
root - INFO - Your guessing percentage:-20
root - INFO - Your clue:-_GG__
root - INFO - Answer:-wages
root - INFO - Your Guess:-magic
root - INFO - Your guessing percentage:-40
root - INFO - Your Gameplay for 03/26/2022, 16:11:29
root - INFO - Your Gameplay for 03/27/2022, 22:20:12
root - INFO - Your clue:-_____
root - INFO - Answer:-phpbb
root - INFO - Your Guess:-saved
root - INFO - Your guessing percentage:-0
root - INFO - Your clue:-Y____
root - INFO - Answer:-phpbb
root - INFO - Your Guess:-brave
root - INFO - Your guessing percentage:-10
root - INFO - Your clue:-G____
root - INFO - Answer:-phpbb
root - INFO - Your Guess:-prior
root - INFO - Your guessing percentage:-20
root - INFO - Your clue:-Y____
root - INFO - Answer:-phpbb
root - INFO - Your Guess:-hello
root - INFO - Your guessing percentage:-10
root - INFO - Your clue:-__Y__
root - INFO - Answer:-phpbb
root - INFO - Your Guess:-table
root - INFO - Your guessing percentage:-10
root - INFO - Your clue:-_____
root - INFO - Answer:-phpbb
root - INFO - Your Guess:-minds
root - INFO - Your guessing percentage:-0
root - INFO - ['No of Game Played: 1', 'Your Staticals of Game', '1st Attempt: 0', '2nd Attempt: 10', '3rd Attempt: 20', '4th Attempt: 10', '5th Attempt: 10', '6th Attempt: 0']
root - INFO - Your Gameplay for 03/27/2022, 22:25:02
root - INFO - Your clue:-____G
root - INFO - Answer:-theme
root - INFO - Your Guess:-brave
root - INFO - Your guessing percentage:-20
root - INFO - Your Gameplay for 03/27/2022, 22:30:12
root - INFO - Your clue:-YG_G_
root - INFO - Answer:-tapes
root - INFO - Your Guess:-saved
root - INFO - Your guessing percentage:-50
root - INFO - Your Gameplay for 03/27/2022, 22:33:40
root - INFO - Your Gameplay for 03/27/2022, 23:02:44
root - INFO - Your Gameplay for 03/27/2022, 23:07:31
root - INFO - Your Gameplay for 03/27/2022, 23:10:37
root - INFO - Your Gameplay for 03/27/2022, 23:12:31
root - INFO - Your Gameplay for 03/27/2022, 23:16:39
root - INFO - Your Gameplay for 03/27/2022, 23:20:04
root - INFO - Your Gameplay for 03/27/2022, 23:24:23
root - INFO - Your Gameplay for 03/27/2022, 23:25:35
root - INFO - Your Gameplay for 03/27/2022, 23:28:40
root - INFO - Your Gameplay for 03/27/2022, 23:30:42
root - INFO - Your Gameplay for 03/28/2022, 10:36:39
root - INFO - Your clue:-G_Y__
root - INFO - Answer:-baths
root - INFO - Your Guess:-brave
root - INFO - Your guessing percentage:-30
root - INFO - Your clue:-GGY_G
root - INFO - Answer:-baths
root - INFO - Your Guess:-bases
root - INFO - Your guessing percentage:-70
root - INFO - Your clue:-GG__G
root - INFO - Answer:-baths
root - INFO - Your Guess:-banks
root - INFO - Your guessing percentage:-60
root - INFO - Your clue:-GG__G
root - INFO - Answer:-baths
root - INFO - Your Guess:-balls
root - INFO - Your guessing percentage:-60
root - INFO - Your clue:-GGY_G
root - INFO - Answer:-baths
root - INFO - Your Guess:-basis
root - INFO - Your guessing percentage:-70
root - INFO - Your Gameplay for 03/28/2022, 10:48:15
root - INFO - Your clue:-_____
root - INFO - Answer:-foods
root - INFO - Your Guess:-SAVED
root - INFO - Your guessing percentage:-0
root - INFO - Your clue:-_____
root - INFO - Answer:-foods
root - INFO - Your Guess:-BRAVE
root - INFO - Your guessing percentage:-0
root - INFO - Your clue:-_____
root - INFO - Answer:-foods
root - INFO - Your Guess:-GRAVE
root - INFO - Your guessing percentage:-0
root - INFO - Your clue:-_____
root - INFO - Answer:-foods
root - INFO - Your Guess:-MINDS
root - INFO - Your guessing percentage:-0
root - INFO - Your clue:-_____
root - INFO - Answer:-foods
root - INFO - Your Guess:-BRIDE
root - INFO - Your guessing percentage:-0
root - INFO - Your clue:-__Y_G
root - INFO - Answer:-foods
root - INFO - Your Guess:-wifes
root - INFO - Your guessing percentage:-30
root - INFO - ['No of Game Played: 1', 'Your Staticals of Game', '1st Attempt: 0', '2nd Attempt: 0', '3rd Attempt: 0', '4th Attempt: 0', '5th Attempt: 0', '6th Attempt: 30']
root - INFO - Your Gameplay for 03/28/2022, 10:54:21
root - INFO - Your Gameplay for 03/28/2022, 10:54:52
root - INFO - Your Gameplay for 03/28/2022, 11:04:29
root - INFO - Your clue:-_____
root - INFO - Answer:-input
root - INFO - Your Guess:-brave
root - INFO - Your guessing percentage:-0
root - INFO - Your Gameplay for 03/28/2022, 11:07:21
root - INFO - Your clue:-_YG_Y
root - INFO - Answer:-fears
root - INFO - Your Guess:-brave
root - INFO - Your guessing percentage:-40
root - INFO - Your Gameplay for 03/28/2022, 11:07:55
root - INFO - Your clue:-_YY__
root - INFO - Answer:-rally
root - INFO - Your Guess:-brave
root - INFO - Your guessing percentage:-20
root - INFO - Your Gameplay for 03/28/2022, 11:08:19
root - INFO - Your clue:-G___Y
root - INFO - Answer:-blues
root - INFO - Your Guess:-brave
root - INFO - Your guessing percentage:-30
root - INFO - Your clue:-_____
root - INFO - Answer:-blues
root - INFO - Your Guess:-ppppp
root - INFO - Your guessing percentage:-0
root - INFO - Your Gameplay for 03/28/2022, 12:11:09
root - INFO - Your clue:-Y____
root - INFO - Answer:-cisco
root - INFO - Your Guess:-saved
root - INFO - Your guessing percentage:-10
root - INFO - Your Gameplay for 03/28/2022, 12:14:16
root - INFO - Your clue:-_____
root - INFO - Answer:-karma
root - INFO - Your Guess:-ppppp
root - INFO - Your guessing percentage:-0
root - INFO - Your Gameplay for 03/28/2022, 12:15:22
root - INFO - Your clue:-___G_
root - INFO - Answer:-niger
root - INFO - Your Guess:-saved
root - INFO - Your guessing percentage:-20
root - INFO - Your clue:-_____
root - INFO - Answer:-niger
root - INFO - Your Guess:-dssss
root - INFO - Your guessing percentage:-0
root - INFO - Your clue:-_____
root - INFO - Answer:-niger
root - INFO - Your Guess:-qqqqq
root - INFO - Your guessing percentage:-0
